(THU.CST) os is loading ...

Special kernel symbols:
  entry  0x00100000 (phys)
  etext  0x001033a7 (phys)
  edata  0x0010ea18 (phys)
  end    0x0010fd40 (phys)
Kernel executable memory footprint: 64KB
ebp:0x00007b18 eip:0x00100973 arg0:0x00010074 arg1:0x0010fe00 arg2:0x00007b48 arg3:0x00100084 
    kern/debug/kdebug.c:308: print_stackframe+21
ebp:0x00007b28 eip:0x00100084 arg0:0x00000000 arg1:0x00000000 arg2:0x00000000 arg3:0x00007b98 
    kern/init/init.c:49: grade_backtrace2+19
ebp:0x00007b48 eip:0x001000a5 arg0:0x00000000 arg1:0x00007b70 arg2:0xffff0000 arg3:0x00007b74 
    kern/init/init.c:54: grade_backtrace1+27
ebp:0x00007b68 eip:0x001000c1 arg0:0x00000000 arg1:0xffff0000 arg2:0x00007b94 arg3:0x00000029 
    kern/init/init.c:59: grade_backtrace0+19
ebp:0x00007b88 eip:0x001000e1 arg0:0x00000000 arg1:0x00100000 arg2:0xffff0000 arg3:0x00100043 
    kern/init/init.c:64: grade_backtrace+26
ebp:0x00007ba8 eip:0x00100050 arg0:0x00000000 arg1:0x00000000 arg2:0x00000000 arg3:0x001033c0 
    kern/init/init.c:29: kern_init+79
ebp:0x00007bc8 eip:0x00007d68 arg0:0x00000000 arg1:0x00000000 arg2:0x00010074 arg3:0x0010fd40 
    <unknow>: -- 0x00007d67 --
ebp:0x00007bf8 eip:0x00007c4f arg0:0xc031fcfa arg1:0xc08ed88e arg2:0x64e4d08e arg3:0xfa7502a8 
    <unknow>: -- 0x00007c4e --
++ setup timer interrupts
100 ticks
End of Test.
kernel panic at kern/trap/trap.c:18:
    EOT: kernel seems ok.
Welcome to the kernel debug monitor!!
Type 'help' for a list of commands.
K> 